antlr
aQute
ch.qos
com.bea
com.certicom
com.fasterxml
com.germinus
com.google
com.ibm
com.liferay
com.mchange
com.octetstring
com.sun
com.yahoo
flexjson
freemarker
javax
jodd
net.arnx
net.htmlparser
net.sf
net.sf.ehcache
org.alfresco
org.apache
org.apache.commons
org.apache.lucene
org.apache.pdfbox
org.apache.xerces
org.aspectj
org.dom4j
org.eclipse.jdt
org.eclipse.osgi
org.hibernate
org.hsqldb
org.htmlparser
org.jabsorb
org.jaxen
org.jibx
org.joda
org.json
org.mozilla.classfile
org.mozilla.javascript
org.objectweb.asm
org.slf4j
org.springframework
org.terracotta
org.xmlpull
org.xml.sax
serp
sun
weblogic
